<?xml version="1.0" encoding="UTF-8"?>
<testng-results skipped="0" failed="0" ignored="0" total="1" passed="1">
  <reporter-output>
  </reporter-output>
  <suite name="Default suite" duration-ms="112337" started-at="2019-11-30T16:53:32Z" finished-at="2019-11-30T16:55:24Z">
    <groups>
    </groups>
    <test name="Default test" duration-ms="112337" started-at="2019-11-30T16:53:32Z" finished-at="2019-11-30T16:55:24Z">
      <class name="com.training.sanity.tests.Medium_TC3_SelectAddedFeatureRegion">
        <test-method status="PASS" signature="setUpBeforeClass()[pri:0, instance:com.training.sanity.tests.Medium_TC3_SelectAddedFeatureRegion@3e6fa38a]" name="setUpBeforeClass" is-config="true" duration-ms="21" started-at="2019-11-30T16:53:32Z" finished-at="2019-11-30T16:53:32Z">
          <reporter-output>
          </reporter-output>
        </test-method> <!-- setUpBeforeClass -->
        <test-method status="PASS" signature="setUp()[pri:0, instance:com.training.sanity.tests.Medium_TC3_SelectAddedFeatureRegion@3e6fa38a]" name="setUp" is-config="true" duration-ms="78748" started-at="2019-11-30T16:53:32Z" finished-at="2019-11-30T16:54:51Z">
          <reporter-output>
          </reporter-output>
        </test-method> <!-- setUp -->
        <test-method status="PASS" signature="validLoginTest()[pri:0, instance:com.training.sanity.tests.Medium_TC3_SelectAddedFeatureRegion@3e6fa38a]" name="validLoginTest" duration-ms="31713" started-at="2019-11-30T16:54:51Z" finished-at="2019-11-30T16:55:23Z">
          <reporter-output>
          </reporter-output>
        </test-method> <!-- validLoginTest -->
        <test-method status="PASS" signature="tearDown()[pri:0, instance:com.training.sanity.tests.Medium_TC3_SelectAddedFeatureRegion@3e6fa38a]" name="tearDown" is-config="true" duration-ms="1831" started-at="2019-11-30T16:55:23Z" finished-at="2019-11-30T16:55:24Z">
          <reporter-output>
          </reporter-output>
        </test-method> <!-- tearDown -->
      </class> <!-- com.training.sanity.tests.Medium_TC3_SelectAddedFeatureRegion -->
    </test> <!-- Default test -->
  </suite> <!-- Default suite -->
</testng-results>
